<?xml version="1.0" encoding="UTF-8"?>
<!-- Generated by org.testng.reporters.JUnitXMLReporter -->
<testsuite ignored="0" hostname="DESKTOP-06CF5O3" failures="0" tests="20" name="test" time="71.388" errors="0" timestamp="2024-08-15T20:00:19 IST">
  <testcase classname="Tests.LoginPageTest" name="testWithLoginUI" time="0.2"/>
  <testcase classname="Tests.LoginPageTest" name="LoginEmptyInputs" time="0.89"/>
  <testcase classname="Tests.LoginPageTest" name="loginWithEmptyUsername" time="0.804"/>
  <testcase classname="Tests.LoginPageTest" name="loginWithEmptyPassword" time="0.823"/>
  <testcase classname="Tests.LoginPageTest" name="loginWithInvalidInputs" time="0.966"/>
  <testcase classname="Tests.LoginPageTest" name="loginWithValidInputs" time="0.842"/>
  <testcase classname="Tests.HomePageTest" name="testWithHeadings" time="0.911"/>
  <testcase classname="Tests.HomePageTest" name="testWithPlayBtn" time="1.419"/>
  <testcase classname="Tests.HomePageTest" name="testMoviesDisplay" time="0.907"/>
  <testcase classname="Tests.HomePageTest" name="testWithContactUs" time="0.984"/>
  <testcase classname="Tests.HeaderSectionTest" name="testWithLogo" time="1.003"/>
  <testcase classname="Tests.HeaderSectionTest" name="testWithNavElements" time="1.568"/>
  <testcase classname="Tests.HeaderSectionTest" name="navigateToHomeAndPopular" time="1.045"/>
  <testcase classname="Tests.HeaderSectionTest" name="testAccountPage" time="1.148"/>
  <testcase classname="Tests.MovieDetailsPageTest" name="homeMoviesTestUIElements" time="2.618"/>
  <testcase classname="Tests.MovieDetailsPageTest" name="checkMovies" time="2.564"/>
  <testcase classname="Tests.PopularPageTest" name="checkMovies" time="2.82"/>
  <testcase classname="Tests.SearchPageTest" name="testValidName" time="1.763"/>
  <testcase classname="Tests.SearchPageTest" name="testWithInvalidMovieName" time="1.733"/>
  <testcase classname="Tests.AccountPageTest" name="testWithLogo" time="1.631"/>
</testsuite> <!-- test -->
