<?xml version="1.0" encoding="UTF-8"?>
<!-- Generated by org.testng.reporters.JUnitXMLReporter -->
<testsuite ignored="3" hostname="DESKTOP-06CF5O3" failures="0" tests="1" name="MovieAppTest" time="4.172" errors="0" timestamp="2024-08-15T19:55:15 IST">
  <testcase classname="Tests.HomePageTest" name="testWithHeadings" time="0.971"/>
  <testcase classname="Tests.HomePageTest" name="testWithContactUs" time="0.0">
    <ignored/>
  </testcase> <!-- testWithContactUs -->
  <testcase classname="Tests.HomePageTest" name="testMoviesDisplay" time="0.0">
    <ignored/>
  </testcase> <!-- testMoviesDisplay -->
  <testcase classname="Tests.HomePageTest" name="testWithPlayBtn" time="0.0">
    <ignored/>
  </testcase> <!-- testWithPlayBtn -->
</testsuite> <!-- MovieAppTest -->
