<?xml version="1.0" encoding="UTF-8"?>
<!-- Generated by org.testng.reporters.JUnitXMLReporter -->
<testsuite ignored="0" hostname="DESKTOP-06CF5O3" failures="0" tests="20" name="test" time="72.632" errors="0" timestamp="2024-08-26T18:04:07 IST">
  <testcase classname="Tests.LoginPageTest" name="testWithLoginUI" time="0.217"/>
  <testcase classname="Tests.LoginPageTest" name="LoginEmptyInputs" time="0.853"/>
  <testcase classname="Tests.LoginPageTest" name="loginWithEmptyUsername" time="0.809"/>
  <testcase classname="Tests.LoginPageTest" name="loginWithEmptyPassword" time="0.794"/>
  <testcase classname="Tests.LoginPageTest" name="loginWithInvalidInputs" time="0.935"/>
  <testcase classname="Tests.LoginPageTest" name="loginWithValidInputs" time="0.851"/>
  <testcase classname="Tests.HomePageTest" name="testWithHeadings" time="0.913"/>
  <testcase classname="Tests.HomePageTest" name="testWithPlayBtn" time="0.898"/>
  <testcase classname="Tests.HomePageTest" name="testMoviesDisplay" time="0.875"/>
  <testcase classname="Tests.HomePageTest" name="testWithContactUs" time="0.926"/>
  <testcase classname="Tests.HeaderSectionTest" name="testWithLogo" time="0.916"/>
  <testcase classname="Tests.HeaderSectionTest" name="testWithNavElements" time="0.949"/>
  <testcase classname="Tests.HeaderSectionTest" name="navigateToHomeAndPopular" time="1.177"/>
  <testcase classname="Tests.HeaderSectionTest" name="testAccountPage" time="1.09"/>
  <testcase classname="Tests.MovieDetailsPageTest" name="homeMoviesTestUIElements" time="2.325"/>
  <testcase classname="Tests.MovieDetailsPageTest" name="checkMovies" time="2.359"/>
  <testcase classname="Tests.PopularPageTest" name="checkMovies" time="2.913"/>
  <testcase classname="Tests.SearchPageTest" name="testValidName" time="1.758"/>
  <testcase classname="Tests.SearchPageTest" name="testWithInvalidMovieName" time="1.773"/>
  <testcase classname="Tests.AccountPageTest" name="testWithLogo" time="1.079"/>
</testsuite> <!-- test -->
