<?xml version="1.0" encoding="UTF-8"?>
<testng-results ignored="0" total="20" passed="20" failed="0" skipped="0">
  <reporter-output>
  </reporter-output>
  <suite started-at="2024-08-26T18:02:55 IST" name="MovieAppTest" finished-at="2024-08-26T18:04:07 IST" duration-ms="72632">
    <groups>
    </groups>
    <test started-at="2024-08-26T18:02:55 IST" name="test" finished-at="2024-08-26T18:04:07 IST" duration-ms="72632">
      <class name="Tests.MovieDetailsPageTest">
        <test-method is-config="true" signature="setup()[pri:0, instance:Tests.MovieDetailsPageTest@d737b89]" started-at="2024-08-26T18:03:42 IST" name="setup" finished-at="2024-08-26T18:03:44 IST" duration-ms="2373" status="PASS">
          <reporter-output>
          </reporter-output>
        </test-method> <!-- setup -->
        <test-method signature="homeMoviesTestUIElements()[pri:1, instance:Tests.MovieDetailsPageTest@d737b89]" started-at="2024-08-26T18:03:44 IST" name="homeMoviesTestUIElements" finished-at="2024-08-26T18:03:47 IST" duration-ms="2325" status="PASS">
          <reporter-output>
          </reporter-output>
        </test-method> <!-- homeMoviesTestUIElements -->
        <test-method is-config="true" signature="tearDown()[pri:0, instance:Tests.MovieDetailsPageTest@d737b89]" started-at="2024-08-26T18:03:47 IST" name="tearDown" finished-at="2024-08-26T18:03:47 IST" duration-ms="142" status="PASS">
          <reporter-output>
          </reporter-output>
        </test-method> <!-- tearDown -->
        <test-method is-config="true" signature="setup()[pri:0, instance:Tests.MovieDetailsPageTest@d737b89]" started-at="2024-08-26T18:03:47 IST" name="setup" finished-at="2024-08-26T18:03:49 IST" duration-ms="2014" status="PASS">
          <reporter-output>
          </reporter-output>
        </test-method> <!-- setup -->
        <test-method signature="checkMovies()[pri:2, instance:Tests.MovieDetailsPageTest@d737b89]" started-at="2024-08-26T18:03:49 IST" name="checkMovies" finished-at="2024-08-26T18:03:51 IST" duration-ms="2359" status="PASS">
          <reporter-output>
          </reporter-output>
        </test-method> <!-- checkMovies -->
        <test-method is-config="true" signature="tearDown()[pri:0, instance:Tests.MovieDetailsPageTest@d737b89]" started-at="2024-08-26T18:03:51 IST" name="tearDown" finished-at="2024-08-26T18:03:51 IST" duration-ms="127" status="PASS">
          <reporter-output>
          </reporter-output>
        </test-method> <!-- tearDown -->
      </class> <!-- Tests.MovieDetailsPageTest -->
      <class name="Tests.PopularPageTest">
        <test-method is-config="true" signature="setup()[pri:0, instance:Tests.PopularPageTest@8519cb4]" started-at="2024-08-26T18:03:51 IST" name="setup" finished-at="2024-08-26T18:03:53 IST" duration-ms="1911" status="PASS">
          <reporter-output>
          </reporter-output>
        </test-method> <!-- setup -->
        <test-method signature="checkMovies()[pri:1, instance:Tests.PopularPageTest@8519cb4]" started-at="2024-08-26T18:03:53 IST" name="checkMovies" finished-at="2024-08-26T18:03:56 IST" duration-ms="2913" status="PASS">
          <reporter-output>
          </reporter-output>
        </test-method> <!-- checkMovies -->
        <test-method is-config="true" signature="tearDown()[pri:0, instance:Tests.PopularPageTest@8519cb4]" started-at="2024-08-26T18:03:56 IST" name="tearDown" finished-at="2024-08-26T18:03:56 IST" duration-ms="185" status="PASS">
          <reporter-output>
          </reporter-output>
        </test-method> <!-- tearDown -->
      </class> <!-- Tests.PopularPageTest -->
      <class name="Tests.HomePageTest">
        <test-method is-config="true" signature="setup()[pri:0, instance:Tests.HomePageTest@7f485fda]" started-at="2024-08-26T18:03:15 IST" name="setup" finished-at="2024-08-26T18:03:17 IST" duration-ms="2230" status="PASS">
          <reporter-output>
          </reporter-output>
        </test-method> <!-- setup -->
        <test-method signature="testWithHeadings()[pri:1, instance:Tests.HomePageTest@7f485fda]" started-at="2024-08-26T18:03:17 IST" name="testWithHeadings" finished-at="2024-08-26T18:03:18 IST" duration-ms="913" status="PASS">
          <reporter-output>
          </reporter-output>
        </test-method> <!-- testWithHeadings -->
        <test-method is-config="true" signature="tearDown()[pri:0, instance:Tests.HomePageTest@7f485fda]" started-at="2024-08-26T18:03:18 IST" name="tearDown" finished-at="2024-08-26T18:03:18 IST" duration-ms="92" status="PASS">
          <reporter-output>
          </reporter-output>
        </test-method> <!-- tearDown -->
        <test-method is-config="true" signature="setup()[pri:0, instance:Tests.HomePageTest@7f485fda]" started-at="2024-08-26T18:03:18 IST" name="setup" finished-at="2024-08-26T18:03:20 IST" duration-ms="2424" status="PASS">
          <reporter-output>
          </reporter-output>
        </test-method> <!-- setup -->
        <test-method signature="testWithPlayBtn()[pri:2, instance:Tests.HomePageTest@7f485fda]" started-at="2024-08-26T18:03:20 IST" name="testWithPlayBtn" finished-at="2024-08-26T18:03:21 IST" duration-ms="898" status="PASS">
          <reporter-output>
          </reporter-output>
        </test-method> <!-- testWithPlayBtn -->
        <test-method is-config="true" signature="tearDown()[pri:0, instance:Tests.HomePageTest@7f485fda]" started-at="2024-08-26T18:03:21 IST" name="tearDown" finished-at="2024-08-26T18:03:21 IST" duration-ms="125" status="PASS">
          <reporter-output>
          </reporter-output>
        </test-method> <!-- tearDown -->
        <test-method is-config="true" signature="setup()[pri:0, instance:Tests.HomePageTest@7f485fda]" started-at="2024-08-26T18:03:21 IST" name="setup" finished-at="2024-08-26T18:03:24 IST" duration-ms="3144" status="PASS">
          <reporter-output>
          </reporter-output>
        </test-method> <!-- setup -->
        <test-method signature="testMoviesDisplay()[pri:3, instance:Tests.HomePageTest@7f485fda]" started-at="2024-08-26T18:03:24 IST" name="testMoviesDisplay" finished-at="2024-08-26T18:03:25 IST" duration-ms="875" status="PASS">
          <reporter-output>
          </reporter-output>
        </test-method> <!-- testMoviesDisplay -->
        <test-method is-config="true" signature="tearDown()[pri:0, instance:Tests.HomePageTest@7f485fda]" started-at="2024-08-26T18:03:25 IST" name="tearDown" finished-at="2024-08-26T18:03:25 IST" duration-ms="118" status="PASS">
          <reporter-output>
          </reporter-output>
        </test-method> <!-- tearDown -->
        <test-method is-config="true" signature="setup()[pri:0, instance:Tests.HomePageTest@7f485fda]" started-at="2024-08-26T18:03:25 IST" name="setup" finished-at="2024-08-26T18:03:27 IST" duration-ms="1929" status="PASS">
          <reporter-output>
          </reporter-output>
        </test-method> <!-- setup -->
        <test-method signature="testWithContactUs()[pri:4, instance:Tests.HomePageTest@7f485fda]" started-at="2024-08-26T18:03:27 IST" name="testWithContactUs" finished-at="2024-08-26T18:03:28 IST" duration-ms="926" status="PASS">
          <reporter-output>
          </reporter-output>
        </test-method> <!-- testWithContactUs -->
        <test-method is-config="true" signature="tearDown()[pri:0, instance:Tests.HomePageTest@7f485fda]" started-at="2024-08-26T18:03:28 IST" name="tearDown" finished-at="2024-08-26T18:03:28 IST" duration-ms="107" status="PASS">
          <reporter-output>
          </reporter-output>
        </test-method> <!-- tearDown -->
      </class> <!-- Tests.HomePageTest -->
      <class name="Tests.SearchPageTest">
        <test-method is-config="true" signature="setup()[pri:0, instance:Tests.SearchPageTest@35dab4eb]" started-at="2024-08-26T18:03:56 IST" name="setup" finished-at="2024-08-26T18:03:58 IST" duration-ms="2097" status="PASS">
          <reporter-output>
          </reporter-output>
        </test-method> <!-- setup -->
        <test-method signature="testValidName()[pri:1, instance:Tests.SearchPageTest@35dab4eb]" started-at="2024-08-26T18:03:58 IST" name="testValidName" finished-at="2024-08-26T18:04:00 IST" duration-ms="1758" status="PASS">
          <reporter-output>
          </reporter-output>
        </test-method> <!-- testValidName -->
        <test-method is-config="true" signature="tearDown()[pri:0, instance:Tests.SearchPageTest@35dab4eb]" started-at="2024-08-26T18:04:00 IST" name="tearDown" finished-at="2024-08-26T18:04:00 IST" duration-ms="124" status="PASS">
          <reporter-output>
          </reporter-output>
        </test-method> <!-- tearDown -->
        <test-method is-config="true" signature="setup()[pri:0, instance:Tests.SearchPageTest@35dab4eb]" started-at="2024-08-26T18:04:00 IST" name="setup" finished-at="2024-08-26T18:04:02 IST" duration-ms="1879" status="PASS">
          <reporter-output>
          </reporter-output>
        </test-method> <!-- setup -->
        <test-method signature="testWithInvalidMovieName()[pri:2, instance:Tests.SearchPageTest@35dab4eb]" started-at="2024-08-26T18:04:02 IST" name="testWithInvalidMovieName" finished-at="2024-08-26T18:04:04 IST" duration-ms="1773" status="PASS">
          <reporter-output>
          </reporter-output>
        </test-method> <!-- testWithInvalidMovieName -->
        <test-method is-config="true" signature="tearDown()[pri:0, instance:Tests.SearchPageTest@35dab4eb]" started-at="2024-08-26T18:04:04 IST" name="tearDown" finished-at="2024-08-26T18:04:04 IST" duration-ms="113" status="PASS">
          <reporter-output>
          </reporter-output>
        </test-method> <!-- tearDown -->
      </class> <!-- Tests.SearchPageTest -->
      <class name="Tests.LoginPageTest">
        <test-method is-config="true" signature="setup()[pri:0, instance:Tests.LoginPageTest@3e27aa33]" started-at="2024-08-26T18:02:55 IST" name="setup" finished-at="2024-08-26T18:02:59 IST" duration-ms="4096" status="PASS">
          <reporter-output>
          </reporter-output>
        </test-method> <!-- setup -->
        <test-method signature="testWithLoginUI()[pri:1, instance:Tests.LoginPageTest@3e27aa33]" started-at="2024-08-26T18:02:59 IST" name="testWithLoginUI" finished-at="2024-08-26T18:02:59 IST" duration-ms="217" status="PASS">
          <reporter-output>
          </reporter-output>
        </test-method> <!-- testWithLoginUI -->
        <test-method is-config="true" signature="tearDown()[pri:0, instance:Tests.LoginPageTest@3e27aa33]" started-at="2024-08-26T18:02:59 IST" name="tearDown" finished-at="2024-08-26T18:02:59 IST" duration-ms="133" status="PASS">
          <reporter-output>
          </reporter-output>
        </test-method> <!-- tearDown -->
        <test-method is-config="true" signature="setup()[pri:0, instance:Tests.LoginPageTest@3e27aa33]" started-at="2024-08-26T18:02:59 IST" name="setup" finished-at="2024-08-26T18:03:01 IST" duration-ms="2087" status="PASS">
          <reporter-output>
          </reporter-output>
        </test-method> <!-- setup -->
        <test-method signature="LoginEmptyInputs()[pri:2, instance:Tests.LoginPageTest@3e27aa33]" started-at="2024-08-26T18:03:01 IST" name="LoginEmptyInputs" finished-at="2024-08-26T18:03:02 IST" duration-ms="853" status="PASS">
          <reporter-output>
          </reporter-output>
        </test-method> <!-- LoginEmptyInputs -->
        <test-method is-config="true" signature="tearDown()[pri:0, instance:Tests.LoginPageTest@3e27aa33]" started-at="2024-08-26T18:03:02 IST" name="tearDown" finished-at="2024-08-26T18:03:02 IST" duration-ms="131" status="PASS">
          <reporter-output>
          </reporter-output>
        </test-method> <!-- tearDown -->
        <test-method is-config="true" signature="setup()[pri:0, instance:Tests.LoginPageTest@3e27aa33]" started-at="2024-08-26T18:03:02 IST" name="setup" finished-at="2024-08-26T18:03:04 IST" duration-ms="2116" status="PASS">
          <reporter-output>
          </reporter-output>
        </test-method> <!-- setup -->
        <test-method signature="loginWithEmptyUsername()[pri:3, instance:Tests.LoginPageTest@3e27aa33]" started-at="2024-08-26T18:03:04 IST" name="loginWithEmptyUsername" finished-at="2024-08-26T18:03:05 IST" duration-ms="809" status="PASS">
          <reporter-output>
          </reporter-output>
        </test-method> <!-- loginWithEmptyUsername -->
        <test-method is-config="true" signature="tearDown()[pri:0, instance:Tests.LoginPageTest@3e27aa33]" started-at="2024-08-26T18:03:05 IST" name="tearDown" finished-at="2024-08-26T18:03:05 IST" duration-ms="142" status="PASS">
          <reporter-output>
          </reporter-output>
        </test-method> <!-- tearDown -->
        <test-method is-config="true" signature="setup()[pri:0, instance:Tests.LoginPageTest@3e27aa33]" started-at="2024-08-26T18:03:05 IST" name="setup" finished-at="2024-08-26T18:03:08 IST" duration-ms="2270" status="PASS">
          <reporter-output>
          </reporter-output>
        </test-method> <!-- setup -->
        <test-method signature="loginWithEmptyPassword()[pri:4, instance:Tests.LoginPageTest@3e27aa33]" started-at="2024-08-26T18:03:08 IST" name="loginWithEmptyPassword" finished-at="2024-08-26T18:03:08 IST" duration-ms="794" status="PASS">
          <reporter-output>
          </reporter-output>
        </test-method> <!-- loginWithEmptyPassword -->
        <test-method is-config="true" signature="tearDown()[pri:0, instance:Tests.LoginPageTest@3e27aa33]" started-at="2024-08-26T18:03:08 IST" name="tearDown" finished-at="2024-08-26T18:03:08 IST" duration-ms="74" status="PASS">
          <reporter-output>
          </reporter-output>
        </test-method> <!-- tearDown -->
        <test-method is-config="true" signature="setup()[pri:0, instance:Tests.LoginPageTest@3e27aa33]" started-at="2024-08-26T18:03:08 IST" name="setup" finished-at="2024-08-26T18:03:11 IST" duration-ms="2234" status="PASS">
          <reporter-output>
          </reporter-output>
        </test-method> <!-- setup -->
        <test-method signature="loginWithInvalidInputs()[pri:5, instance:Tests.LoginPageTest@3e27aa33]" started-at="2024-08-26T18:03:11 IST" name="loginWithInvalidInputs" finished-at="2024-08-26T18:03:12 IST" duration-ms="935" status="PASS">
          <reporter-output>
          </reporter-output>
        </test-method> <!-- loginWithInvalidInputs -->
        <test-method is-config="true" signature="tearDown()[pri:0, instance:Tests.LoginPageTest@3e27aa33]" started-at="2024-08-26T18:03:12 IST" name="tearDown" finished-at="2024-08-26T18:03:12 IST" duration-ms="126" status="PASS">
          <reporter-output>
          </reporter-output>
        </test-method> <!-- tearDown -->
        <test-method is-config="true" signature="setup()[pri:0, instance:Tests.LoginPageTest@3e27aa33]" started-at="2024-08-26T18:03:12 IST" name="setup" finished-at="2024-08-26T18:03:14 IST" duration-ms="2003" status="PASS">
          <reporter-output>
          </reporter-output>
        </test-method> <!-- setup -->
        <test-method signature="loginWithValidInputs()[pri:6, instance:Tests.LoginPageTest@3e27aa33]" started-at="2024-08-26T18:03:14 IST" name="loginWithValidInputs" finished-at="2024-08-26T18:03:15 IST" duration-ms="851" status="PASS">
          <reporter-output>
          </reporter-output>
        </test-method> <!-- loginWithValidInputs -->
        <test-method is-config="true" signature="tearDown()[pri:0, instance:Tests.LoginPageTest@3e27aa33]" started-at="2024-08-26T18:03:15 IST" name="tearDown" finished-at="2024-08-26T18:03:15 IST" duration-ms="118" status="PASS">
          <reporter-output>
          </reporter-output>
        </test-method> <!-- tearDown -->
      </class> <!-- Tests.LoginPageTest -->
      <class name="Tests.AccountPageTest">
        <test-method is-config="true" signature="setup()[pri:0, instance:Tests.AccountPageTest@2d901eb0]" started-at="2024-08-26T18:04:04 IST" name="setup" finished-at="2024-08-26T18:04:06 IST" duration-ms="1935" status="PASS">
          <reporter-output>
          </reporter-output>
        </test-method> <!-- setup -->
        <test-method signature="testWithLogo()[pri:1, instance:Tests.AccountPageTest@2d901eb0]" started-at="2024-08-26T18:04:06 IST" name="testWithLogo" finished-at="2024-08-26T18:04:07 IST" duration-ms="1079" status="PASS">
          <reporter-output>
          </reporter-output>
        </test-method> <!-- testWithLogo -->
        <test-method is-config="true" signature="tearDown()[pri:0, instance:Tests.AccountPageTest@2d901eb0]" started-at="2024-08-26T18:04:07 IST" name="tearDown" finished-at="2024-08-26T18:04:07 IST" duration-ms="84" status="PASS">
          <reporter-output>
          </reporter-output>
        </test-method> <!-- tearDown -->
      </class> <!-- Tests.AccountPageTest -->
      <class name="Tests.HeaderSectionTest">
        <test-method is-config="true" signature="setup()[pri:0, instance:Tests.HeaderSectionTest@28261e8e]" started-at="2024-08-26T18:03:28 IST" name="setup" finished-at="2024-08-26T18:03:31 IST" duration-ms="2076" status="PASS">
          <reporter-output>
          </reporter-output>
        </test-method> <!-- setup -->
        <test-method signature="testWithLogo()[pri:1, instance:Tests.HeaderSectionTest@28261e8e]" started-at="2024-08-26T18:03:31 IST" name="testWithLogo" finished-at="2024-08-26T18:03:31 IST" duration-ms="916" status="PASS">
          <reporter-output>
          </reporter-output>
        </test-method> <!-- testWithLogo -->
        <test-method is-config="true" signature="tearDown()[pri:0, instance:Tests.HeaderSectionTest@28261e8e]" started-at="2024-08-26T18:03:31 IST" name="tearDown" finished-at="2024-08-26T18:03:32 IST" duration-ms="119" status="PASS">
          <reporter-output>
          </reporter-output>
        </test-method> <!-- tearDown -->
        <test-method is-config="true" signature="setup()[pri:0, instance:Tests.HeaderSectionTest@28261e8e]" started-at="2024-08-26T18:03:32 IST" name="setup" finished-at="2024-08-26T18:03:34 IST" duration-ms="2182" status="PASS">
          <reporter-output>
          </reporter-output>
        </test-method> <!-- setup -->
        <test-method signature="testWithNavElements()[pri:2, instance:Tests.HeaderSectionTest@28261e8e]" started-at="2024-08-26T18:03:34 IST" name="testWithNavElements" finished-at="2024-08-26T18:03:35 IST" duration-ms="949" status="PASS">
          <reporter-output>
          </reporter-output>
        </test-method> <!-- testWithNavElements -->
        <test-method is-config="true" signature="tearDown()[pri:0, instance:Tests.HeaderSectionTest@28261e8e]" started-at="2024-08-26T18:03:35 IST" name="tearDown" finished-at="2024-08-26T18:03:35 IST" duration-ms="107" status="PASS">
          <reporter-output>
          </reporter-output>
        </test-method> <!-- tearDown -->
        <test-method is-config="true" signature="setup()[pri:0, instance:Tests.HeaderSectionTest@28261e8e]" started-at="2024-08-26T18:03:35 IST" name="setup" finished-at="2024-08-26T18:03:37 IST" duration-ms="2424" status="PASS">
          <reporter-output>
          </reporter-output>
        </test-method> <!-- setup -->
        <test-method signature="navigateToHomeAndPopular()[pri:3, instance:Tests.HeaderSectionTest@28261e8e]" started-at="2024-08-26T18:03:37 IST" name="navigateToHomeAndPopular" finished-at="2024-08-26T18:03:38 IST" duration-ms="1177" status="PASS">
          <reporter-output>
          </reporter-output>
        </test-method> <!-- navigateToHomeAndPopular -->
        <test-method is-config="true" signature="tearDown()[pri:0, instance:Tests.HeaderSectionTest@28261e8e]" started-at="2024-08-26T18:03:38 IST" name="tearDown" finished-at="2024-08-26T18:03:38 IST" duration-ms="118" status="PASS">
          <reporter-output>
          </reporter-output>
        </test-method> <!-- tearDown -->
        <test-method is-config="true" signature="setup()[pri:0, instance:Tests.HeaderSectionTest@28261e8e]" started-at="2024-08-26T18:03:38 IST" name="setup" finished-at="2024-08-26T18:03:41 IST" duration-ms="2263" status="PASS">
          <reporter-output>
          </reporter-output>
        </test-method> <!-- setup -->
        <test-method signature="testAccountPage()[pri:4, instance:Tests.HeaderSectionTest@28261e8e]" started-at="2024-08-26T18:03:41 IST" name="testAccountPage" finished-at="2024-08-26T18:03:42 IST" duration-ms="1090" status="PASS">
          <reporter-output>
          </reporter-output>
        </test-method> <!-- testAccountPage -->
        <test-method is-config="true" signature="tearDown()[pri:0, instance:Tests.HeaderSectionTest@28261e8e]" started-at="2024-08-26T18:03:42 IST" name="tearDown" finished-at="2024-08-26T18:03:42 IST" duration-ms="121" status="PASS">
          <reporter-output>
          </reporter-output>
        </test-method> <!-- tearDown -->
      </class> <!-- Tests.HeaderSectionTest -->
    </test> <!-- test -->
  </suite> <!-- MovieAppTest -->
</testng-results>
