<?xml version="1.0" encoding="UTF-8"?>
<testng-results ignored="0" total="20" passed="20" failed="0" skipped="0">
  <reporter-output>
  </reporter-output>
  <suite started-at="2024-08-15T19:59:07 IST" name="MovieAppTest" finished-at="2024-08-15T20:00:19 IST" duration-ms="71388">
    <groups>
    </groups>
    <test started-at="2024-08-15T19:59:07 IST" name="test" finished-at="2024-08-15T20:00:19 IST" duration-ms="71388">
      <class name="Tests.MovieDetailsPageTest">
        <test-method is-config="true" signature="setup()[pri:0, instance:Tests.MovieDetailsPageTest@759d26fb]" started-at="2024-08-15T19:59:52 IST" name="setup" finished-at="2024-08-15T19:59:54 IST" duration-ms="2042" status="PASS">
          <reporter-output>
          </reporter-output>
        </test-method> <!-- setup -->
        <test-method signature="homeMoviesTestUIElements()[pri:1, instance:Tests.MovieDetailsPageTest@759d26fb]" started-at="2024-08-15T19:59:54 IST" name="homeMoviesTestUIElements" finished-at="2024-08-15T19:59:57 IST" duration-ms="2618" status="PASS">
          <reporter-output>
          </reporter-output>
        </test-method> <!-- homeMoviesTestUIElements -->
        <test-method is-config="true" signature="tearDown()[pri:0, instance:Tests.MovieDetailsPageTest@759d26fb]" started-at="2024-08-15T19:59:57 IST" name="tearDown" finished-at="2024-08-15T19:59:57 IST" duration-ms="149" status="PASS">
          <reporter-output>
          </reporter-output>
        </test-method> <!-- tearDown -->
        <test-method is-config="true" signature="setup()[pri:0, instance:Tests.MovieDetailsPageTest@759d26fb]" started-at="2024-08-15T19:59:57 IST" name="setup" finished-at="2024-08-15T19:59:59 IST" duration-ms="2165" status="PASS">
          <reporter-output>
          </reporter-output>
        </test-method> <!-- setup -->
        <test-method signature="checkMovies()[pri:2, instance:Tests.MovieDetailsPageTest@759d26fb]" started-at="2024-08-15T19:59:59 IST" name="checkMovies" finished-at="2024-08-15T20:00:02 IST" duration-ms="2564" status="PASS">
          <reporter-output>
          </reporter-output>
        </test-method> <!-- checkMovies -->
        <test-method is-config="true" signature="tearDown()[pri:0, instance:Tests.MovieDetailsPageTest@759d26fb]" started-at="2024-08-15T20:00:02 IST" name="tearDown" finished-at="2024-08-15T20:00:02 IST" duration-ms="139" status="PASS">
          <reporter-output>
          </reporter-output>
        </test-method> <!-- tearDown -->
      </class> <!-- Tests.MovieDetailsPageTest -->
      <class name="Tests.PopularPageTest">
        <test-method is-config="true" signature="setup()[pri:0, instance:Tests.PopularPageTest@3c73951]" started-at="2024-08-15T20:00:02 IST" name="setup" finished-at="2024-08-15T20:00:04 IST" duration-ms="2117" status="PASS">
          <reporter-output>
          </reporter-output>
        </test-method> <!-- setup -->
        <test-method signature="checkMovies()[pri:1, instance:Tests.PopularPageTest@3c73951]" started-at="2024-08-15T20:00:04 IST" name="checkMovies" finished-at="2024-08-15T20:00:07 IST" duration-ms="2820" status="PASS">
          <reporter-output>
          </reporter-output>
        </test-method> <!-- checkMovies -->
        <test-method is-config="true" signature="tearDown()[pri:0, instance:Tests.PopularPageTest@3c73951]" started-at="2024-08-15T20:00:07 IST" name="tearDown" finished-at="2024-08-15T20:00:07 IST" duration-ms="242" status="PASS">
          <reporter-output>
          </reporter-output>
        </test-method> <!-- tearDown -->
      </class> <!-- Tests.PopularPageTest -->
      <class name="Tests.HomePageTest">
        <test-method is-config="true" signature="setup()[pri:0, instance:Tests.HomePageTest@14555e0a]" started-at="2024-08-15T19:59:26 IST" name="setup" finished-at="2024-08-15T19:59:28 IST" duration-ms="2064" status="PASS">
          <reporter-output>
          </reporter-output>
        </test-method> <!-- setup -->
        <test-method signature="testWithHeadings()[pri:1, instance:Tests.HomePageTest@14555e0a]" started-at="2024-08-15T19:59:28 IST" name="testWithHeadings" finished-at="2024-08-15T19:59:29 IST" duration-ms="911" status="PASS">
          <reporter-output>
          </reporter-output>
        </test-method> <!-- testWithHeadings -->
        <test-method is-config="true" signature="tearDown()[pri:0, instance:Tests.HomePageTest@14555e0a]" started-at="2024-08-15T19:59:29 IST" name="tearDown" finished-at="2024-08-15T19:59:29 IST" duration-ms="55" status="PASS">
          <reporter-output>
          </reporter-output>
        </test-method> <!-- tearDown -->
        <test-method is-config="true" signature="setup()[pri:0, instance:Tests.HomePageTest@14555e0a]" started-at="2024-08-15T19:59:29 IST" name="setup" finished-at="2024-08-15T19:59:31 IST" duration-ms="1918" status="PASS">
          <reporter-output>
          </reporter-output>
        </test-method> <!-- setup -->
        <test-method signature="testWithPlayBtn()[pri:2, instance:Tests.HomePageTest@14555e0a]" started-at="2024-08-15T19:59:31 IST" name="testWithPlayBtn" finished-at="2024-08-15T19:59:32 IST" duration-ms="1419" status="PASS">
          <reporter-output>
          </reporter-output>
        </test-method> <!-- testWithPlayBtn -->
        <test-method is-config="true" signature="tearDown()[pri:0, instance:Tests.HomePageTest@14555e0a]" started-at="2024-08-15T19:59:32 IST" name="tearDown" finished-at="2024-08-15T19:59:33 IST" duration-ms="115" status="PASS">
          <reporter-output>
          </reporter-output>
        </test-method> <!-- tearDown -->
        <test-method is-config="true" signature="setup()[pri:0, instance:Tests.HomePageTest@14555e0a]" started-at="2024-08-15T19:59:33 IST" name="setup" finished-at="2024-08-15T19:59:35 IST" duration-ms="2168" status="PASS">
          <reporter-output>
          </reporter-output>
        </test-method> <!-- setup -->
        <test-method signature="testMoviesDisplay()[pri:3, instance:Tests.HomePageTest@14555e0a]" started-at="2024-08-15T19:59:35 IST" name="testMoviesDisplay" finished-at="2024-08-15T19:59:36 IST" duration-ms="907" status="PASS">
          <reporter-output>
          </reporter-output>
        </test-method> <!-- testMoviesDisplay -->
        <test-method is-config="true" signature="tearDown()[pri:0, instance:Tests.HomePageTest@14555e0a]" started-at="2024-08-15T19:59:36 IST" name="tearDown" finished-at="2024-08-15T19:59:36 IST" duration-ms="106" status="PASS">
          <reporter-output>
          </reporter-output>
        </test-method> <!-- tearDown -->
        <test-method is-config="true" signature="setup()[pri:0, instance:Tests.HomePageTest@14555e0a]" started-at="2024-08-15T19:59:36 IST" name="setup" finished-at="2024-08-15T19:59:38 IST" duration-ms="1925" status="PASS">
          <reporter-output>
          </reporter-output>
        </test-method> <!-- setup -->
        <test-method signature="testWithContactUs()[pri:4, instance:Tests.HomePageTest@14555e0a]" started-at="2024-08-15T19:59:38 IST" name="testWithContactUs" finished-at="2024-08-15T19:59:39 IST" duration-ms="984" status="PASS">
          <reporter-output>
          </reporter-output>
        </test-method> <!-- testWithContactUs -->
        <test-method is-config="true" signature="tearDown()[pri:0, instance:Tests.HomePageTest@14555e0a]" started-at="2024-08-15T19:59:39 IST" name="tearDown" finished-at="2024-08-15T19:59:39 IST" duration-ms="73" status="PASS">
          <reporter-output>
          </reporter-output>
        </test-method> <!-- tearDown -->
      </class> <!-- Tests.HomePageTest -->
      <class name="Tests.SearchPageTest">
        <test-method is-config="true" signature="setup()[pri:0, instance:Tests.SearchPageTest@3d5c822d]" started-at="2024-08-15T20:00:07 IST" name="setup" finished-at="2024-08-15T20:00:09 IST" duration-ms="2051" status="PASS">
          <reporter-output>
          </reporter-output>
        </test-method> <!-- setup -->
        <test-method signature="testValidName()[pri:1, instance:Tests.SearchPageTest@3d5c822d]" started-at="2024-08-15T20:00:09 IST" name="testValidName" finished-at="2024-08-15T20:00:11 IST" duration-ms="1763" status="PASS">
          <reporter-output>
          </reporter-output>
        </test-method> <!-- testValidName -->
        <test-method is-config="true" signature="tearDown()[pri:0, instance:Tests.SearchPageTest@3d5c822d]" started-at="2024-08-15T20:00:11 IST" name="tearDown" finished-at="2024-08-15T20:00:11 IST" duration-ms="108" status="PASS">
          <reporter-output>
          </reporter-output>
        </test-method> <!-- tearDown -->
        <test-method is-config="true" signature="setup()[pri:0, instance:Tests.SearchPageTest@3d5c822d]" started-at="2024-08-15T20:00:11 IST" name="setup" finished-at="2024-08-15T20:00:13 IST" duration-ms="2076" status="PASS">
          <reporter-output>
          </reporter-output>
        </test-method> <!-- setup -->
        <test-method signature="testWithInvalidMovieName()[pri:2, instance:Tests.SearchPageTest@3d5c822d]" started-at="2024-08-15T20:00:13 IST" name="testWithInvalidMovieName" finished-at="2024-08-15T20:00:15 IST" duration-ms="1733" status="PASS">
          <reporter-output>
          </reporter-output>
        </test-method> <!-- testWithInvalidMovieName -->
        <test-method is-config="true" signature="tearDown()[pri:0, instance:Tests.SearchPageTest@3d5c822d]" started-at="2024-08-15T20:00:15 IST" name="tearDown" finished-at="2024-08-15T20:00:15 IST" duration-ms="112" status="PASS">
          <reporter-output>
          </reporter-output>
        </test-method> <!-- tearDown -->
      </class> <!-- Tests.SearchPageTest -->
      <class name="Tests.LoginPageTest">
        <test-method is-config="true" signature="setup()[pri:0, instance:Tests.LoginPageTest@e7edb54]" started-at="2024-08-15T19:59:07 IST" name="setup" finished-at="2024-08-15T19:59:11 IST" duration-ms="3576" status="PASS">
          <reporter-output>
          </reporter-output>
        </test-method> <!-- setup -->
        <test-method signature="testWithLoginUI()[pri:1, instance:Tests.LoginPageTest@e7edb54]" started-at="2024-08-15T19:59:11 IST" name="testWithLoginUI" finished-at="2024-08-15T19:59:11 IST" duration-ms="200" status="PASS">
          <reporter-output>
          </reporter-output>
        </test-method> <!-- testWithLoginUI -->
        <test-method is-config="true" signature="tearDown()[pri:0, instance:Tests.LoginPageTest@e7edb54]" started-at="2024-08-15T19:59:11 IST" name="tearDown" finished-at="2024-08-15T19:59:11 IST" duration-ms="128" status="PASS">
          <reporter-output>
          </reporter-output>
        </test-method> <!-- tearDown -->
        <test-method is-config="true" signature="setup()[pri:0, instance:Tests.LoginPageTest@e7edb54]" started-at="2024-08-15T19:59:11 IST" name="setup" finished-at="2024-08-15T19:59:13 IST" duration-ms="2086" status="PASS">
          <reporter-output>
          </reporter-output>
        </test-method> <!-- setup -->
        <test-method signature="LoginEmptyInputs()[pri:2, instance:Tests.LoginPageTest@e7edb54]" started-at="2024-08-15T19:59:13 IST" name="LoginEmptyInputs" finished-at="2024-08-15T19:59:14 IST" duration-ms="890" status="PASS">
          <reporter-output>
          </reporter-output>
        </test-method> <!-- LoginEmptyInputs -->
        <test-method is-config="true" signature="tearDown()[pri:0, instance:Tests.LoginPageTest@e7edb54]" started-at="2024-08-15T19:59:14 IST" name="tearDown" finished-at="2024-08-15T19:59:14 IST" duration-ms="116" status="PASS">
          <reporter-output>
          </reporter-output>
        </test-method> <!-- tearDown -->
        <test-method is-config="true" signature="setup()[pri:0, instance:Tests.LoginPageTest@e7edb54]" started-at="2024-08-15T19:59:14 IST" name="setup" finished-at="2024-08-15T19:59:16 IST" duration-ms="1992" status="PASS">
          <reporter-output>
          </reporter-output>
        </test-method> <!-- setup -->
        <test-method signature="loginWithEmptyUsername()[pri:3, instance:Tests.LoginPageTest@e7edb54]" started-at="2024-08-15T19:59:16 IST" name="loginWithEmptyUsername" finished-at="2024-08-15T19:59:17 IST" duration-ms="804" status="PASS">
          <reporter-output>
          </reporter-output>
        </test-method> <!-- loginWithEmptyUsername -->
        <test-method is-config="true" signature="tearDown()[pri:0, instance:Tests.LoginPageTest@e7edb54]" started-at="2024-08-15T19:59:17 IST" name="tearDown" finished-at="2024-08-15T19:59:17 IST" duration-ms="101" status="PASS">
          <reporter-output>
          </reporter-output>
        </test-method> <!-- tearDown -->
        <test-method is-config="true" signature="setup()[pri:0, instance:Tests.LoginPageTest@e7edb54]" started-at="2024-08-15T19:59:17 IST" name="setup" finished-at="2024-08-15T19:59:19 IST" duration-ms="1915" status="PASS">
          <reporter-output>
          </reporter-output>
        </test-method> <!-- setup -->
        <test-method signature="loginWithEmptyPassword()[pri:4, instance:Tests.LoginPageTest@e7edb54]" started-at="2024-08-15T19:59:19 IST" name="loginWithEmptyPassword" finished-at="2024-08-15T19:59:20 IST" duration-ms="823" status="PASS">
          <reporter-output>
          </reporter-output>
        </test-method> <!-- loginWithEmptyPassword -->
        <test-method is-config="true" signature="tearDown()[pri:0, instance:Tests.LoginPageTest@e7edb54]" started-at="2024-08-15T19:59:20 IST" name="tearDown" finished-at="2024-08-15T19:59:20 IST" duration-ms="112" status="PASS">
          <reporter-output>
          </reporter-output>
        </test-method> <!-- tearDown -->
        <test-method is-config="true" signature="setup()[pri:0, instance:Tests.LoginPageTest@e7edb54]" started-at="2024-08-15T19:59:20 IST" name="setup" finished-at="2024-08-15T19:59:22 IST" duration-ms="1959" status="PASS">
          <reporter-output>
          </reporter-output>
        </test-method> <!-- setup -->
        <test-method signature="loginWithInvalidInputs()[pri:5, instance:Tests.LoginPageTest@e7edb54]" started-at="2024-08-15T19:59:22 IST" name="loginWithInvalidInputs" finished-at="2024-08-15T19:59:23 IST" duration-ms="966" status="PASS">
          <reporter-output>
          </reporter-output>
        </test-method> <!-- loginWithInvalidInputs -->
        <test-method is-config="true" signature="tearDown()[pri:0, instance:Tests.LoginPageTest@e7edb54]" started-at="2024-08-15T19:59:23 IST" name="tearDown" finished-at="2024-08-15T19:59:23 IST" duration-ms="108" status="PASS">
          <reporter-output>
          </reporter-output>
        </test-method> <!-- tearDown -->
        <test-method is-config="true" signature="setup()[pri:0, instance:Tests.LoginPageTest@e7edb54]" started-at="2024-08-15T19:59:23 IST" name="setup" finished-at="2024-08-15T19:59:25 IST" duration-ms="2035" status="PASS">
          <reporter-output>
          </reporter-output>
        </test-method> <!-- setup -->
        <test-method signature="loginWithValidInputs()[pri:6, instance:Tests.LoginPageTest@e7edb54]" started-at="2024-08-15T19:59:25 IST" name="loginWithValidInputs" finished-at="2024-08-15T19:59:26 IST" duration-ms="842" status="PASS">
          <reporter-output>
          </reporter-output>
        </test-method> <!-- loginWithValidInputs -->
        <test-method is-config="true" signature="tearDown()[pri:0, instance:Tests.LoginPageTest@e7edb54]" started-at="2024-08-15T19:59:26 IST" name="tearDown" finished-at="2024-08-15T19:59:26 IST" duration-ms="110" status="PASS">
          <reporter-output>
          </reporter-output>
        </test-method> <!-- tearDown -->
      </class> <!-- Tests.LoginPageTest -->
      <class name="Tests.AccountPageTest">
        <test-method is-config="true" signature="setup()[pri:0, instance:Tests.AccountPageTest@6f46426d]" started-at="2024-08-15T20:00:15 IST" name="setup" finished-at="2024-08-15T20:00:17 IST" duration-ms="1981" status="PASS">
          <reporter-output>
          </reporter-output>
        </test-method> <!-- setup -->
        <test-method signature="testWithLogo()[pri:1, instance:Tests.AccountPageTest@6f46426d]" started-at="2024-08-15T20:00:17 IST" name="testWithLogo" finished-at="2024-08-15T20:00:19 IST" duration-ms="1631" status="PASS">
          <reporter-output>
          </reporter-output>
        </test-method> <!-- testWithLogo -->
        <test-method is-config="true" signature="tearDown()[pri:0, instance:Tests.AccountPageTest@6f46426d]" started-at="2024-08-15T20:00:19 IST" name="tearDown" finished-at="2024-08-15T20:00:19 IST" duration-ms="88" status="PASS">
          <reporter-output>
          </reporter-output>
        </test-method> <!-- tearDown -->
      </class> <!-- Tests.AccountPageTest -->
      <class name="Tests.HeaderSectionTest">
        <test-method is-config="true" signature="setup()[pri:0, instance:Tests.HeaderSectionTest@4bb33f74]" started-at="2024-08-15T19:59:39 IST" name="setup" finished-at="2024-08-15T19:59:41 IST" duration-ms="1998" status="PASS">
          <reporter-output>
          </reporter-output>
        </test-method> <!-- setup -->
        <test-method signature="testWithLogo()[pri:1, instance:Tests.HeaderSectionTest@4bb33f74]" started-at="2024-08-15T19:59:41 IST" name="testWithLogo" finished-at="2024-08-15T19:59:42 IST" duration-ms="1003" status="PASS">
          <reporter-output>
          </reporter-output>
        </test-method> <!-- testWithLogo -->
        <test-method is-config="true" signature="tearDown()[pri:0, instance:Tests.HeaderSectionTest@4bb33f74]" started-at="2024-08-15T19:59:42 IST" name="tearDown" finished-at="2024-08-15T19:59:42 IST" duration-ms="67" status="PASS">
          <reporter-output>
          </reporter-output>
        </test-method> <!-- tearDown -->
        <test-method is-config="true" signature="setup()[pri:0, instance:Tests.HeaderSectionTest@4bb33f74]" started-at="2024-08-15T19:59:42 IST" name="setup" finished-at="2024-08-15T19:59:44 IST" duration-ms="1913" status="PASS">
          <reporter-output>
          </reporter-output>
        </test-method> <!-- setup -->
        <test-method signature="testWithNavElements()[pri:2, instance:Tests.HeaderSectionTest@4bb33f74]" started-at="2024-08-15T19:59:44 IST" name="testWithNavElements" finished-at="2024-08-15T19:59:45 IST" duration-ms="1568" status="PASS">
          <reporter-output>
          </reporter-output>
        </test-method> <!-- testWithNavElements -->
        <test-method is-config="true" signature="tearDown()[pri:0, instance:Tests.HeaderSectionTest@4bb33f74]" started-at="2024-08-15T19:59:45 IST" name="tearDown" finished-at="2024-08-15T19:59:45 IST" duration-ms="134" status="PASS">
          <reporter-output>
          </reporter-output>
        </test-method> <!-- tearDown -->
        <test-method is-config="true" signature="setup()[pri:0, instance:Tests.HeaderSectionTest@4bb33f74]" started-at="2024-08-15T19:59:45 IST" name="setup" finished-at="2024-08-15T19:59:48 IST" duration-ms="2347" status="PASS">
          <reporter-output>
          </reporter-output>
        </test-method> <!-- setup -->
        <test-method signature="navigateToHomeAndPopular()[pri:3, instance:Tests.HeaderSectionTest@4bb33f74]" started-at="2024-08-15T19:59:48 IST" name="navigateToHomeAndPopular" finished-at="2024-08-15T19:59:49 IST" duration-ms="1045" status="PASS">
          <reporter-output>
          </reporter-output>
        </test-method> <!-- navigateToHomeAndPopular -->
        <test-method is-config="true" signature="tearDown()[pri:0, instance:Tests.HeaderSectionTest@4bb33f74]" started-at="2024-08-15T19:59:49 IST" name="tearDown" finished-at="2024-08-15T19:59:49 IST" duration-ms="112" status="PASS">
          <reporter-output>
          </reporter-output>
        </test-method> <!-- tearDown -->
        <test-method is-config="true" signature="setup()[pri:0, instance:Tests.HeaderSectionTest@4bb33f74]" started-at="2024-08-15T19:59:49 IST" name="setup" finished-at="2024-08-15T19:59:51 IST" duration-ms="2011" status="PASS">
          <reporter-output>
          </reporter-output>
        </test-method> <!-- setup -->
        <test-method signature="testAccountPage()[pri:4, instance:Tests.HeaderSectionTest@4bb33f74]" started-at="2024-08-15T19:59:51 IST" name="testAccountPage" finished-at="2024-08-15T19:59:52 IST" duration-ms="1148" status="PASS">
          <reporter-output>
          </reporter-output>
        </test-method> <!-- testAccountPage -->
        <test-method is-config="true" signature="tearDown()[pri:0, instance:Tests.HeaderSectionTest@4bb33f74]" started-at="2024-08-15T19:59:52 IST" name="tearDown" finished-at="2024-08-15T19:59:52 IST" duration-ms="105" status="PASS">
          <reporter-output>
          </reporter-output>
        </test-method> <!-- tearDown -->
      </class> <!-- Tests.HeaderSectionTest -->
    </test> <!-- test -->
  </suite> <!-- MovieAppTest -->
</testng-results>
